<?xml version="1.0" encoding="UTF-8"?>
<!-- Generated by org.testng.reporters.JUnitXMLReporter -->
<testsuite hostname="Amit-PC" failures="1" tests="2" name="Test" time="0.08" errors="0" timestamp="21 Aug 2018 05:19:12 GMT">
  <testcase classname="com.testng.test.MavenTestNGprac" name="Sum" time="0.031"/>
  <testcase classname="com.testng.test.MavenTestNGprac" name="multiply" time="0.012">
    <failure type="java.lang.AssertionError" message="Notmatching expected [true] but found [false]">
      <![CDATA[java.lang.AssertionError: Notmatching expected [true] but found [false]
	at com.testng.test.MavenTestNGprac.multiply(MavenTestNGprac.java:35)
... Removed 27 stack frames]]>
    </failure>
  </testcase> <!-- multiply -->
</testsuite> <!-- Test -->
